<?xml version="1.0" encoding="UTF-8"?>
<!-- Generated by org.testng.reporters.JUnitXMLReporter -->
<testsuite hostname="HaDos-MacBook-Pro.local" name="Group Test" tests="2" failures="1" timestamp="29 Oct 2016 03:54:10 GMT" time="0.097" errors="0">
  <testcase name="testMethodOne" time="0.022" classname="modules.GroupTest"/>
  <testcase name="testMethodThree" time="0.008" classname="modules.GroupTest">
    <failure type="java.lang.AssertionError" message="expected [false] but found [true]">
      <![CDATA[java.lang.AssertionError: expected [false] but found [true]
	at modules.GroupTest.testMethodThree(GroupTest.java:24)
... Removed 31 stack frames]]>
    </failure>
  </testcase> <!-- testMethodThree -->
</testsuite> <!-- Group Test -->
